<?xml version="1.0" encoding="UTF-8" ?>
<testsuite failures="0" time="1.063" errors="4" skipped="0" tests="5" name="com.okhelps.seo.test.TestProjectServise">
  <properties>
[...]
</properties>
  <testcase time="0.012" classname="com.okhelps.seo.test.TestProjectServise" name="saveCategories">
    <error type="java.lang.NullPointerException">java.lang.NullPointerException
	at com.okhelps.seo.test.TestProjectServise.saveCategories(TestProjectServise.java:64)
	at sun.reflect.NativeMethodAccessorImpl.invoke0(Native Method)
	at sun.reflect.NativeMethodAccessorImpl.invoke(NativeMethodAccessorImpl.java:57)
	at sun.reflect.DelegatingMethodAccessorImpl.invoke(DelegatingMethodAccessorImpl.java:43)
	at java.lang.reflect.Method.invoke(Method.java:606)
	at org.junit.runners.model.FrameworkMethod$1.runReflectiveCall(FrameworkMethod.java:50)
	at org.junit.internal.runners.model.ReflectiveCallable.run(ReflectiveCallable.java:12)
	at org.junit.runners.model.FrameworkMethod.invokeExplosively(FrameworkMethod.java:47)
	at org.junit.internal.runners.statements.InvokeMethod.evaluate(InvokeMethod.java:17)
	at org.springframework.test.context.junit4.statements.RunBeforeTestMethodCallbacks.evaluate(RunBeforeTestMethodCallbacks.java:75)
	at org.springframework.test.context.junit4.statements.RunAfterTestMethodCallbacks.evaluate(RunAfterTestMethodCallbacks.java:86)
	at org.springframework.test.context.junit4.statements.SpringRepeat.evaluate(SpringRepeat.java:84)
	at org.junit.runners.ParentRunner.runLeaf(ParentRunner.java:325)
	at org.springframework.test.context.junit4.SpringJUnit4ClassRunner.runChild(SpringJUnit4ClassRunner.java:252)
	at org.springframework.test.context.junit4.SpringJUnit4ClassRunner.runChild(SpringJUnit4ClassRunner.java:94)
	at org.junit.runners.ParentRunner$3.run(ParentRunner.java:290)
	at org.junit.runners.ParentRunner$1.schedule(ParentRunner.java:71)
	at org.junit.runners.ParentRunner.runChildren(ParentRunner.java:288)
	at org.junit.runners.ParentRunner.access$000(ParentRunner.java:58)
	at org.junit.runners.ParentRunner$2.evaluate(ParentRunner.java:268)
	at org.springframework.test.context.junit4.statements.RunBeforeTestClassCallbacks.evaluate(RunBeforeTestClassCallbacks.java:61)
	at org.springframework.test.context.junit4.statements.RunAfterTestClassCallbacks.evaluate(RunAfterTestClassCallbacks.java:70)
	at org.junit.runners.ParentRunner.run(ParentRunner.java:363)
	at org.springframework.test.context.junit4.SpringJUnit4ClassRunner.run(SpringJUnit4ClassRunner.java:191)
	at org.apache.maven.surefire.junit4.JUnit4Provider.execute(JUnit4Provider.java:252)
	at org.apache.maven.surefire.junit4.JUnit4Provider.executeTestSet(JUnit4Provider.java:141)
	at org.apache.maven.surefire.junit4.JUnit4Provider.invoke(JUnit4Provider.java:112)
	at sun.reflect.NativeMethodAccessorImpl.invoke0(Native Method)
	at sun.reflect.NativeMethodAccessorImpl.invoke(NativeMethodAccessorImpl.java:57)
	at sun.reflect.DelegatingMethodAccessorImpl.invoke(DelegatingMethodAccessorImpl.java:43)
	at java.lang.reflect.Method.invoke(Method.java:606)
	at org.apache.maven.surefire.util.ReflectionUtils.invokeMethodWithArray(ReflectionUtils.java:189)
	at org.apache.maven.surefire.booter.ProviderFactory$ProviderProxy.invoke(ProviderFactory.java:165)
	at org.apache.maven.surefire.booter.ProviderFactory.invokeProvider(ProviderFactory.java:85)
	at org.apache.maven.surefire.booter.ForkedBooter.runSuitesInProcess(ForkedBooter.java:115)
	at org.apache.maven.surefire.booter.ForkedBooter.main(ForkedBooter.java:75)
</error>
    <system-out>2016-11-18 01:57:07 DEBUG SpringJUnit4ClassRunner:140 - SpringJUnit4ClassRunner constructor called with [class com.okhelps.seo.test.TestProjectServise]
2016-11-18 01:57:07 DEBUG BootstrapUtils:95 - Instantiating CacheAwareContextLoaderDelegate from class [org.springframework.test.context.cache.DefaultCacheAwareContextLoaderDelegate]
2016-11-18 01:57:07 DEBUG BootstrapUtils:78 - Instantiating BootstrapContext using constructor [public org.springframework.test.context.support.DefaultBootstrapContext(java.lang.Class,org.springframework.test.context.CacheAwareContextLoaderDelegate)]
2016-11-18 01:57:07 DEBUG BootstrapUtils:131 - Instantiating TestContextBootstrapper for test class [com.okhelps.seo.test.TestProjectServise] from class [org.springframework.test.context.support.DefaultTestContextBootstrapper]
2016-11-18 01:57:07 DEBUG AbstractDelegatingSmartContextLoader:96 - Delegating to AnnotationConfigContextLoader to process context configuration [ContextConfigurationAttributes@1be32243 declaringClass = &apos;com.okhelps.seo.test.TestProjectServise&apos;, classes = &apos;{class com.okhelps.seo.configuration.SpringConfig, class com.okhelps.seo.configuration.SpringMongoConfig}&apos;, locations = &apos;{}&apos;, inheritLocations = true, initializers = &apos;{}&apos;, inheritInitializers = true, name = [null], contextLoaderClass = &apos;org.springframework.test.context.ContextLoader&apos;].
2016-11-18 01:57:07 DEBUG ActiveProfilesUtils:78 - Could not find an &apos;annotation declaring class&apos; for annotation type [org.springframework.test.context.ActiveProfiles] and class [com.okhelps.seo.test.TestProjectServise]
2016-11-18 01:57:07 DEBUG DefaultTestContextBootstrapper:132 - @TestExecutionListeners is not present for class [com.okhelps.seo.test.TestProjectServise]: using defaults.
2016-11-18 01:57:07 INFO  DefaultTestContextBootstrapper:260 - Loaded default TestExecutionListener class names from location [META-INF/spring.factories]: [org.springframework.test.context.web.ServletTestExecutionListener, org.springframework.test.context.support.DirtiesContextBeforeModesTestExecutionListener, org.springframework.test.context.support.DependencyInjectionTestExecutionListener, org.springframework.test.context.support.DirtiesContextTestExecutionListener, org.springframework.test.context.transaction.TransactionalTestExecutionListener, org.springframework.test.context.jdbc.SqlScriptsTestExecutionListener]
2016-11-18 01:57:07 INFO  DefaultTestContextBootstrapper:187 - Using TestExecutionListeners: [org.springframework.test.context.web.ServletTestExecutionListener@59737b19, org.springframework.test.context.support.DirtiesContextBeforeModesTestExecutionListener@2c96d430, org.springframework.test.context.support.DependencyInjectionTestExecutionListener@6244b22e, org.springframework.test.context.support.DirtiesContextTestExecutionListener@c0e1c69, org.springframework.test.context.transaction.TransactionalTestExecutionListener@726b37ad, org.springframework.test.context.jdbc.SqlScriptsTestExecutionListener@5d14798a]
2016-11-18 01:57:07 DEBUG ProfileValueUtils:68 - Retrieved @ProfileValueSourceConfiguration [null] for test class [com.okhelps.seo.test.TestProjectServise]
2016-11-18 01:57:07 DEBUG ProfileValueUtils:80 - Retrieved ProfileValueSource type [class org.springframework.test.annotation.SystemProfileValueSource] for class [com.okhelps.seo.test.TestProjectServise]
2016-11-18 01:57:07 DEBUG ProfileValueUtils:68 - Retrieved @ProfileValueSourceConfiguration [null] for test class [com.okhelps.seo.test.TestProjectServise]
2016-11-18 01:57:07 DEBUG ProfileValueUtils:80 - Retrieved ProfileValueSource type [class org.springframework.test.annotation.SystemProfileValueSource] for class [com.okhelps.seo.test.TestProjectServise]
2016-11-18 01:57:07 DEBUG AbstractDirtiesContextTestExecutionListener:141 - Before test class: context [DefaultTestContext@20197522 testClass = TestProjectServise, testInstance = [null], testMethod = [null], testException = [null], mergedContextConfiguration = [MergedContextConfiguration@67591ba4 testClass = TestProjectServise, locations = &apos;{}&apos;, classes = &apos;{class com.okhelps.seo.configuration.SpringConfig, class com.okhelps.seo.configuration.SpringMongoConfig}&apos;, contextInitializerClasses = &apos;[]&apos;, activeProfiles = &apos;{}&apos;, propertySourceLocations = &apos;{}&apos;, propertySourceProperties = &apos;{}&apos;, contextCustomizers = set[[empty]], contextLoader = &apos;org.springframework.test.context.support.DelegatingSmartContextLoader&apos;, parent = [null]]], class annotated with @DirtiesContext [false] with mode [null].
2016-11-18 01:57:07 DEBUG ProfileValueUtils:68 - Retrieved @ProfileValueSourceConfiguration [null] for test class [com.okhelps.seo.test.TestProjectServise]
2016-11-18 01:57:07 DEBUG ProfileValueUtils:80 - Retrieved ProfileValueSource type [class org.springframework.test.annotation.SystemProfileValueSource] for class [com.okhelps.seo.test.TestProjectServise]
2016-11-18 01:57:07 DEBUG DependencyInjectionTestExecutionListener:81 - Performing dependency injection for test context [[DefaultTestContext@20197522 testClass = TestProjectServise, testInstance = com.okhelps.seo.test.TestProjectServise@54e156e1, testMethod = [null], testException = [null], mergedContextConfiguration = [MergedContextConfiguration@67591ba4 testClass = TestProjectServise, locations = &apos;{}&apos;, classes = &apos;{class com.okhelps.seo.configuration.SpringConfig, class com.okhelps.seo.configuration.SpringMongoConfig}&apos;, contextInitializerClasses = &apos;[]&apos;, activeProfiles = &apos;{}&apos;, propertySourceLocations = &apos;{}&apos;, propertySourceProperties = &apos;{}&apos;, contextCustomizers = set[[empty]], contextLoader = &apos;org.springframework.test.context.support.DelegatingSmartContextLoader&apos;, parent = [null]]]].
2016-11-18 01:57:07 DEBUG AbstractDelegatingSmartContextLoader:106 - Delegating to AnnotationConfigContextLoader to load context from [MergedContextConfiguration@67591ba4 testClass = TestProjectServise, locations = &apos;{}&apos;, classes = &apos;{class com.okhelps.seo.configuration.SpringConfig, class com.okhelps.seo.configuration.SpringMongoConfig}&apos;, contextInitializerClasses = &apos;[]&apos;, activeProfiles = &apos;{}&apos;, propertySourceLocations = &apos;{}&apos;, propertySourceProperties = &apos;{}&apos;, contextCustomizers = set[[empty]], contextLoader = &apos;org.springframework.test.context.support.DelegatingSmartContextLoader&apos;, parent = [null]].
2016-11-18 01:57:07 DEBUG AbstractGenericContextLoader:109 - Loading ApplicationContext for merged context configuration [[MergedContextConfiguration@67591ba4 testClass = TestProjectServise, locations = &apos;{}&apos;, classes = &apos;{class com.okhelps.seo.configuration.SpringConfig, class com.okhelps.seo.configuration.SpringMongoConfig}&apos;, contextInitializerClasses = &apos;[]&apos;, activeProfiles = &apos;{}&apos;, propertySourceLocations = &apos;{}&apos;, propertySourceProperties = &apos;{}&apos;, contextCustomizers = set[[empty]], contextLoader = &apos;org.springframework.test.context.support.DelegatingSmartContextLoader&apos;, parent = [null]]].
2016-11-18 01:57:07 DEBUG StandardEnvironment:109 - Adding [systemProperties] PropertySource with lowest search precedence
2016-11-18 01:57:07 DEBUG StandardEnvironment:109 - Adding [systemEnvironment] PropertySource with lowest search precedence
2016-11-18 01:57:07 DEBUG StandardEnvironment:124 - Initialized StandardEnvironment with PropertySources [systemProperties,systemEnvironment]
2016-11-18 01:57:07 DEBUG AnnotationConfigContextLoader:192 - Registering annotated classes: {class com.okhelps.seo.configuration.SpringConfig, class com.okhelps.seo.configuration.SpringMongoConfig}
2016-11-18 01:57:07 INFO  GenericApplicationContext:581 - Refreshing org.springframework.context.support.GenericApplicationContext@677d8938: startup date [Fri Nov 18 01:57:07 EET 2016]; root of context hierarchy
2016-11-18 01:57:07 DEBUG GenericApplicationContext:615 - Bean factory for org.springframework.context.support.GenericApplicationContext@677d8938: org.springframework.beans.factory.support.DefaultListableBeanFactory@24b07b86: defining beans [org.springframework.context.annotation.internalConfigurationAnnotationProcessor,org.springframework.context.annotation.internalAutowiredAnnotationProcessor,org.springframework.context.annotation.internalRequiredAnnotationProcessor,org.springframework.context.annotation.internalCommonAnnotationProcessor,org.springframework.context.event.internalEventListenerProcessor,org.springframework.context.event.internalEventListenerFactory,springConfig,springMongoConfig]; root of factory hierarchy
2016-11-18 01:57:07 DEBUG DefaultListableBeanFactory:221 - Creating shared instance of singleton bean &apos;org.springframework.context.annotation.internalConfigurationAnnotationProcessor&apos;
2016-11-18 01:57:07 DEBUG DefaultListableBeanFactory:448 - Creating instance of bean &apos;org.springframework.context.annotation.internalConfigurationAnnotationProcessor&apos;
2016-11-18 01:57:07 DEBUG DefaultListableBeanFactory:529 - Eagerly caching bean &apos;org.springframework.context.annotation.internalConfigurationAnnotationProcessor&apos; to allow for resolving potential circular references
2016-11-18 01:57:07 DEBUG DefaultListableBeanFactory:484 - Finished creating instance of bean &apos;org.springframework.context.annotation.internalConfigurationAnnotationProcessor&apos;
2016-11-18 01:57:07 DEBUG StandardEnvironment:109 - Adding [class path resource [config.properties]] PropertySource with lowest search precedence
2016-11-18 01:57:07 DEBUG StandardEnvironment:109 - Adding [systemProperties] PropertySource with lowest search precedence
2016-11-18 01:57:07 DEBUG StandardEnvironment:109 - Adding [systemEnvironment] PropertySource with lowest search precedence
2016-11-18 01:57:07 DEBUG StandardEnvironment:124 - Initialized StandardEnvironment with PropertySources [systemProperties,systemEnvironment]
2016-11-18 01:57:07 DEBUG PathMatchingResourcePatternResolver:317 - Resolved classpath location [com/okhelps/seo/] to resources [URL [file:/E:/Workspace/LoadData/SEO/target/test-classes/com/okhelps/seo/], URL [file:/E:/Workspace/LoadData/SEO/target/classes/com/okhelps/seo/]]
2016-11-18 01:57:07 DEBUG PathMatchingResourcePatternResolver:711 - Looking for matching resources in directory tree [E:\Workspace\LoadData\SEO\target\test-classes\com\okhelps\seo]
2016-11-18 01:57:07 DEBUG PathMatchingResourcePatternResolver:773 - Searching directory [E:\Workspace\LoadData\SEO\target\test-classes\com\okhelps\seo] for files matching pattern [E:/Workspace/LoadData/SEO/target/test-classes/com/okhelps/seo/**/*.class]
2016-11-18 01:57:07 DEBUG PathMatchingResourcePatternResolver:773 - Searching directory [E:\Workspace\LoadData\SEO\target\test-classes\com\okhelps\seo\test] for files matching pattern [E:/Workspace/LoadData/SEO/target/test-classes/com/okhelps/seo/**/*.class]
2016-11-18 01:57:07 DEBUG PathMatchingResourcePatternResolver:711 - Looking for matching resources in directory tree [E:\Workspace\LoadData\SEO\target\classes\com\okhelps\seo]
2016-11-18 01:57:07 DEBUG PathMatchingResourcePatternResolver:773 - Searching directory [E:\Workspace\LoadData\SEO\target\classes\com\okhelps\seo] for files matching pattern [E:/Workspace/LoadData/SEO/target/classes/com/okhelps/seo/**/*.class]
2016-11-18 01:57:07 DEBUG PathMatchingResourcePatternResolver:773 - Searching directory [E:\Workspace\LoadData\SEO\target\classes\com\okhelps\seo\api] for files matching pattern [E:/Workspace/LoadData/SEO/target/classes/com/okhelps/seo/**/*.class]
2016-11-18 01:57:07 DEBUG PathMatchingResourcePatternResolver:773 - Searching directory [E:\Workspace\LoadData\SEO\target\classes\com\okhelps\seo\bean] for files matching pattern [E:/Workspace/LoadData/SEO/target/classes/com/okhelps/seo/**/*.class]
2016-11-18 01:57:07 DEBUG PathMatchingResourcePatternResolver:773 - Searching directory [E:\Workspace\LoadData\SEO\target\classes\com\okhelps\seo\configuration] for files matching pattern [E:/Workspace/LoadData/SEO/target/classes/com/okhelps/seo/**/*.class]
2016-11-18 01:57:07 DEBUG PathMatchingResourcePatternResolver:773 - Searching directory [E:\Workspace\LoadData\SEO\target\classes\com\okhelps\seo\controller] for files matching pattern [E:/Workspace/LoadData/SEO/target/classes/com/okhelps/seo/**/*.class]
2016-11-18 01:57:07 DEBUG PathMatchingResourcePatternResolver:773 - Searching directory [E:\Workspace\LoadData\SEO\target\classes\com\okhelps\seo\entity] for files matching pattern [E:/Workspace/LoadData/SEO/target/classes/com/okhelps/seo/**/*.class]
2016-11-18 01:57:07 DEBUG PathMatchingResourcePatternResolver:773 - Searching directory [E:\Workspace\LoadData\SEO\target\classes\com\okhelps\seo\services] for files matching pattern [E:/Workspace/LoadData/SEO/target/classes/com/okhelps/seo/**/*.class]
2016-11-18 01:57:07 DEBUG PathMatchingResourcePatternResolver:483 - Resolved location pattern [classpath*:com/okhelps/seo/**/*.class] to resources [file [E:\Workspace\LoadData\SEO\target\test-classes\com\okhelps\seo\test\TestProjectServise.class], file [E:\Workspace\LoadData\SEO\target\classes\com\okhelps\seo\api\SeoApi$API.class], file [E:\Workspace\LoadData\SEO\target\classes\com\okhelps\seo\api\SeoApi.class], file [E:\Workspace\LoadData\SEO\target\classes\com\okhelps\seo\bean\CategoryResponse.class], file [E:\Workspace\LoadData\SEO\target\classes\com\okhelps\seo\bean\ProjectResponse.class], file [E:\Workspace\LoadData\SEO\target\classes\com\okhelps\seo\configuration\AppInitializer.class], file [E:\Workspace\LoadData\SEO\target\classes\com\okhelps\seo\configuration\SpringConfig.class], file [E:\Workspace\LoadData\SEO\target\classes\com\okhelps\seo\configuration\SpringMongoConfig.class], file [E:\Workspace\LoadData\SEO\target\classes\com\okhelps\seo\configuration\SpringWebConfig.class], file [E:\Workspace\LoadData\SEO\target\classes\com\okhelps\seo\controller\SeoDataController.class], file [E:\Workspace\LoadData\SEO\target\classes\com\okhelps\seo\controller\SynchronizedController.class], file [E:\Workspace\LoadData\SEO\target\classes\com\okhelps\seo\entity\Category.class], file [E:\Workspace\LoadData\SEO\target\classes\com\okhelps\seo\entity\Project.class], file [E:\Workspace\LoadData\SEO\target\classes\com\okhelps\seo\services\ProjectService.class]]
2016-11-18 01:57:07 DEBUG ClassPathBeanDefinitionScanner:286 - Identified candidate component class: file [E:\Workspace\LoadData\SEO\target\classes\com\okhelps\seo\api\SeoApi.class]
2016-11-18 01:57:07 DEBUG ClassPathBeanDefinitionScanner:286 - Identified candidate component class: file [E:\Workspace\LoadData\SEO\target\classes\com\okhelps\seo\configuration\SpringMongoConfig.class]
2016-11-18 01:57:07 DEBUG ClassPathBeanDefinitionScanner:286 - Identified candidate component class: file [E:\Workspace\LoadData\SEO\target\classes\com\okhelps\seo\controller\SeoDataController.class]
2016-11-18 01:57:07 DEBUG ClassPathBeanDefinitionScanner:286 - Identified candidate component class: file [E:\Workspace\LoadData\SEO\target\classes\com\okhelps\seo\services\ProjectService.class]
2016-11-18 01:57:07 DEBUG ConfigurationClassBeanDefinitionReader:256 - Registering bean definition for @Bean method com.okhelps.seo.configuration.SpringConfig.propertyConfigIn()
2016-11-18 01:57:07 DEBUG ConfigurationClassBeanDefinitionReader:256 - Registering bean definition for @Bean method com.okhelps.seo.configuration.SpringConfig.mapper()
2016-11-18 01:57:07 DEBUG ConfigurationClassBeanDefinitionReader:256 - Registering bean definition for @Bean method com.okhelps.seo.configuration.SpringMongoConfig.mongoTemplate()
2016-11-18 01:57:07 DEBUG ConfigurationClassBeanDefinitionReader:256 - Registering bean definition for @Bean method com.okhelps.seo.configuration.SpringMongoConfig.mongoDbFactory()
2016-11-18 01:57:07 DEBUG ConfigurationClassBeanDefinitionReader:256 - Registering bean definition for @Bean method com.okhelps.seo.configuration.SpringMongoConfig.mongoMappingContext()
2016-11-18 01:57:07 DEBUG ConfigurationClassBeanDefinitionReader:256 - Registering bean definition for @Bean method com.okhelps.seo.configuration.SpringMongoConfig.isNewStrategyFactory()
2016-11-18 01:57:07 DEBUG ConfigurationClassBeanDefinitionReader:256 - Registering bean definition for @Bean method com.okhelps.seo.configuration.SpringMongoConfig.customConversions()
2016-11-18 01:57:07 DEBUG ConfigurationClassBeanDefinitionReader:256 - Registering bean definition for @Bean method com.okhelps.seo.configuration.SpringMongoConfig.mappingMongoConverter()
2016-11-18 01:57:07 DEBUG ConfigurationClassEnhancer:109 - Successfully enhanced com.okhelps.seo.configuration.SpringConfig; enhanced class name is: com.okhelps.seo.configuration.SpringConfig$$EnhancerBySpringCGLIB$$9042c67
2016-11-18 01:57:07 DEBUG ConfigurationClassPostProcessor:412 - Replacing bean definition &apos;springConfig&apos; existing class &apos;com.okhelps.seo.configuration.SpringConfig&apos; with enhanced class &apos;com.okhelps.seo.configuration.SpringConfig$$EnhancerBySpringCGLIB$$9042c67&apos;
2016-11-18 01:57:07 DEBUG ConfigurationClassEnhancer:109 - Successfully enhanced com.okhelps.seo.configuration.SpringMongoConfig; enhanced class name is: com.okhelps.seo.configuration.SpringMongoConfig$$EnhancerBySpringCGLIB$$a8eeb1a5
2016-11-18 01:57:07 DEBUG ConfigurationClassPostProcessor:412 - Replacing bean definition &apos;springMongoConfig&apos; existing class &apos;com.okhelps.seo.configuration.SpringMongoConfig&apos; with enhanced class &apos;com.okhelps.seo.configuration.SpringMongoConfig$$EnhancerBySpringCGLIB$$a8eeb1a5&apos;
2016-11-18 01:57:07 DEBUG ConfigurationClassEnhancer:109 - Successfully enhanced com.okhelps.seo.configuration.SpringConfig; enhanced class name is: com.okhelps.seo.configuration.SpringConfig$$EnhancerBySpringCGLIB$$9042c67
2016-11-18 01:57:07 DEBUG ConfigurationClassPostProcessor:412 - Replacing bean definition &apos;propertyConfigIn&apos; existing class &apos;com.okhelps.seo.configuration.SpringConfig&apos; with enhanced class &apos;com.okhelps.seo.configuration.SpringConfig$$EnhancerBySpringCGLIB$$9042c67&apos;
2016-11-18 01:57:07 DEBUG DefaultListableBeanFactory:221 - Creating shared instance of singleton bean &apos;propertyConfigIn&apos;
2016-11-18 01:57:07 DEBUG DefaultListableBeanFactory:448 - Creating instance of bean &apos;propertyConfigIn&apos;
2016-11-18 01:57:07 DEBUG DefaultListableBeanFactory:529 - Eagerly caching bean &apos;propertyConfigIn&apos; to allow for resolving potential circular references
2016-11-18 01:57:07 DEBUG DefaultListableBeanFactory:484 - Finished creating instance of bean &apos;propertyConfigIn&apos;
2016-11-18 01:57:07 DEBUG MutablePropertySources:109 - Adding [environmentProperties] PropertySource with lowest search precedence
2016-11-18 01:57:07 DEBUG MutablePropertySources:109 - Adding [localProperties] PropertySource with lowest search precedence
2016-11-18 01:57:07 DEBUG DefaultListableBeanFactory:221 - Creating shared instance of singleton bean &apos;org.springframework.context.annotation.internalAutowiredAnnotationProcessor&apos;
2016-11-18 01:57:07 DEBUG DefaultListableBeanFactory:448 - Creating instance of bean &apos;org.springframework.context.annotation.internalAutowiredAnnotationProcessor&apos;
2016-11-18 01:57:07 DEBUG DefaultListableBeanFactory:529 - Eagerly caching bean &apos;org.springframework.context.annotation.internalAutowiredAnnotationProcessor&apos; to allow for resolving potential circular references
2016-11-18 01:57:07 DEBUG DefaultListableBeanFactory:484 - Finished creating instance of bean &apos;org.springframework.context.annotation.internalAutowiredAnnotationProcessor&apos;
2016-11-18 01:57:07 DEBUG DefaultListableBeanFactory:221 - Creating shared instance of singleton bean &apos;org.springframework.context.annotation.internalRequiredAnnotationProcessor&apos;
2016-11-18 01:57:07 DEBUG DefaultListableBeanFactory:448 - Creating instance of bean &apos;org.springframework.context.annotation.internalRequiredAnnotationProcessor&apos;
2016-11-18 01:57:07 DEBUG DefaultListableBeanFactory:529 - Eagerly caching bean &apos;org.springframework.context.annotation.internalRequiredAnnotationProcessor&apos; to allow for resolving potential circular references
2016-11-18 01:57:07 DEBUG DefaultListableBeanFactory:484 - Finished creating instance of bean &apos;org.springframework.context.annotation.internalRequiredAnnotationProcessor&apos;
2016-11-18 01:57:07 DEBUG DefaultListableBeanFactory:221 - Creating shared instance of singleton bean &apos;org.springframework.context.annotation.internalCommonAnnotationProcessor&apos;
2016-11-18 01:57:07 DEBUG DefaultListableBeanFactory:448 - Creating instance of bean &apos;org.springframework.context.annotation.internalCommonAnnotationProcessor&apos;
2016-11-18 01:57:07 DEBUG DefaultListableBeanFactory:529 - Eagerly caching bean &apos;org.springframework.context.annotation.internalCommonAnnotationProcessor&apos; to allow for resolving potential circular references
2016-11-18 01:57:07 DEBUG DefaultListableBeanFactory:484 - Finished creating instance of bean &apos;org.springframework.context.annotation.internalCommonAnnotationProcessor&apos;
2016-11-18 01:57:07 DEBUG DefaultListableBeanFactory:221 - Creating shared instance of singleton bean &apos;org.springframework.context.annotation.ConfigurationClassPostProcessor.importAwareProcessor&apos;
2016-11-18 01:57:07 DEBUG DefaultListableBeanFactory:448 - Creating instance of bean &apos;org.springframework.context.annotation.ConfigurationClassPostProcessor.importAwareProcessor&apos;
2016-11-18 01:57:07 DEBUG DefaultListableBeanFactory:529 - Eagerly caching bean &apos;org.springframework.context.annotation.ConfigurationClassPostProcessor.importAwareProcessor&apos; to allow for resolving potential circular references
2016-11-18 01:57:07 DEBUG DefaultListableBeanFactory:484 - Finished creating instance of bean &apos;org.springframework.context.annotation.ConfigurationClassPostProcessor.importAwareProcessor&apos;
2016-11-18 01:57:07 DEBUG DefaultListableBeanFactory:221 - Creating shared instance of singleton bean &apos;org.springframework.context.annotation.ConfigurationClassPostProcessor.enhancedConfigurationProcessor&apos;
2016-11-18 01:57:07 DEBUG DefaultListableBeanFactory:448 - Creating instance of bean &apos;org.springframework.context.annotation.ConfigurationClassPostProcessor.enhancedConfigurationProcessor&apos;
2016-11-18 01:57:07 DEBUG DefaultListableBeanFactory:529 - Eagerly caching bean &apos;org.springframework.context.annotation.ConfigurationClassPostProcessor.enhancedConfigurationProcessor&apos; to allow for resolving potential circular references
2016-11-18 01:57:07 DEBUG DefaultListableBeanFactory:484 - Finished creating instance of bean &apos;org.springframework.context.annotation.ConfigurationClassPostProcessor.enhancedConfigurationProcessor&apos;
2016-11-18 01:57:07 DEBUG GenericApplicationContext:728 - Unable to locate MessageSource with name &apos;messageSource&apos;: using default [org.springframework.context.support.DelegatingMessageSource@3ecca6ad]
2016-11-18 01:57:07 DEBUG GenericApplicationContext:752 - Unable to locate ApplicationEventMulticaster with name &apos;applicationEventMulticaster&apos;: using default [org.springframework.context.event.SimpleApplicationEventMulticaster@660173e7]
2016-11-18 01:57:07 DEBUG DefaultListableBeanFactory:720 - Pre-instantiating singletons in org.springframework.beans.factory.support.DefaultListableBeanFactory@24b07b86: defining beans [org.springframework.context.annotation.internalConfigurationAnnotationProcessor,org.springframework.context.annotation.internalAutowiredAnnotationProcessor,org.springframework.context.annotation.internalRequiredAnnotationProcessor,org.springframework.context.annotation.internalCommonAnnotationProcessor,org.springframework.context.event.internalEventListenerProcessor,org.springframework.context.event.internalEventListenerFactory,springConfig,springMongoConfig,org.springframework.context.annotation.ConfigurationClassPostProcessor.importAwareProcessor,org.springframework.context.annotation.ConfigurationClassPostProcessor.enhancedConfigurationProcessor,seoApi,seoDataController,projectService,propertyConfigIn,mapper,mongoTemplate,mongoDbFactory,mongoMappingContext,isNewStrategyFactory,customConversions,mappingMongoConverter]; root of factory hierarchy
2016-11-18 01:57:07 DEBUG DefaultListableBeanFactory:251 - Returning cached instance of singleton bean &apos;org.springframework.context.annotation.internalConfigurationAnnotationProcessor&apos;
2016-11-18 01:57:07 DEBUG DefaultListableBeanFactory:251 - Returning cached instance of singleton bean &apos;org.springframework.context.annotation.internalAutowiredAnnotationProcessor&apos;
2016-11-18 01:57:07 DEBUG DefaultListableBeanFactory:251 - Returning cached instance of singleton bean &apos;org.springframework.context.annotation.internalRequiredAnnotationProcessor&apos;
2016-11-18 01:57:07 DEBUG DefaultListableBeanFactory:251 - Returning cached instance of singleton bean &apos;org.springframework.context.annotation.internalCommonAnnotationProcessor&apos;
2016-11-18 01:57:07 DEBUG DefaultListableBeanFactory:221 - Creating shared instance of singleton bean &apos;org.springframework.context.event.internalEventListenerProcessor&apos;
2016-11-18 01:57:07 DEBUG DefaultListableBeanFactory:448 - Creating instance of bean &apos;org.springframework.context.event.internalEventListenerProcessor&apos;
2016-11-18 01:57:07 DEBUG DefaultListableBeanFactory:529 - Eagerly caching bean &apos;org.springframework.context.event.internalEventListenerProcessor&apos; to allow for resolving potential circular references
2016-11-18 01:57:07 DEBUG DefaultListableBeanFactory:484 - Finished creating instance of bean &apos;org.springframework.context.event.internalEventListenerProcessor&apos;
2016-11-18 01:57:07 DEBUG DefaultListableBeanFactory:221 - Creating shared instance of singleton bean &apos;org.springframework.context.event.internalEventListenerFactory&apos;
2016-11-18 01:57:07 DEBUG DefaultListableBeanFactory:448 - Creating instance of bean &apos;org.springframework.context.event.internalEventListenerFactory&apos;
2016-11-18 01:57:07 DEBUG DefaultListableBeanFactory:529 - Eagerly caching bean &apos;org.springframework.context.event.internalEventListenerFactory&apos; to allow for resolving potential circular references
2016-11-18 01:57:07 DEBUG DefaultListableBeanFactory:484 - Finished creating instance of bean &apos;org.springframework.context.event.internalEventListenerFactory&apos;
2016-11-18 01:57:07 DEBUG DefaultListableBeanFactory:221 - Creating shared instance of singleton bean &apos;springConfig&apos;
2016-11-18 01:57:07 DEBUG DefaultListableBeanFactory:448 - Creating instance of bean &apos;springConfig&apos;
2016-11-18 01:57:07 DEBUG DefaultListableBeanFactory:529 - Eagerly caching bean &apos;springConfig&apos; to allow for resolving potential circular references
2016-11-18 01:57:07 DEBUG DefaultListableBeanFactory:484 - Finished creating instance of bean &apos;springConfig&apos;
2016-11-18 01:57:07 DEBUG DefaultListableBeanFactory:221 - Creating shared instance of singleton bean &apos;springMongoConfig&apos;
2016-11-18 01:57:07 DEBUG DefaultListableBeanFactory:448 - Creating instance of bean &apos;springMongoConfig&apos;
2016-11-18 01:57:07 DEBUG InjectionMetadata:72 - Registered injected element on class [com.okhelps.seo.configuration.SpringMongoConfig$$EnhancerBySpringCGLIB$$a8eeb1a5]: AutowiredFieldElement for protected java.lang.String com.okhelps.seo.configuration.SpringMongoConfig.mongodbName
2016-11-18 01:57:07 DEBUG InjectionMetadata:72 - Registered injected element on class [com.okhelps.seo.configuration.SpringMongoConfig$$EnhancerBySpringCGLIB$$a8eeb1a5]: AutowiredFieldElement for protected java.lang.String com.okhelps.seo.configuration.SpringMongoConfig.mongodbPort
2016-11-18 01:57:07 DEBUG DefaultListableBeanFactory:529 - Eagerly caching bean &apos;springMongoConfig&apos; to allow for resolving potential circular references
2016-11-18 01:57:07 DEBUG InjectionMetadata:86 - Processing injected element of bean &apos;springMongoConfig&apos;: AutowiredFieldElement for protected java.lang.String com.okhelps.seo.configuration.SpringMongoConfig.mongodbName
2016-11-18 01:57:07 DEBUG PropertySourcesPropertyResolver:151 - Found key &apos;mongodbName&apos; in [class path resource [config.properties]] with type [String]
2016-11-18 01:57:07 DEBUG PropertySourcesPropertyResolver:151 - Found key &apos;mongodbName&apos; in [environmentProperties] with type [String]
2016-11-18 01:57:07 DEBUG InjectionMetadata:86 - Processing injected element of bean &apos;springMongoConfig&apos;: AutowiredFieldElement for protected java.lang.String com.okhelps.seo.configuration.SpringMongoConfig.mongodbPort
2016-11-18 01:57:07 DEBUG PropertySourcesPropertyResolver:151 - Found key &apos;mongodbPort&apos; in [class path resource [config.properties]] with type [String]
2016-11-18 01:57:07 DEBUG PropertySourcesPropertyResolver:151 - Found key &apos;mongodbPort&apos; in [environmentProperties] with type [String]
2016-11-18 01:57:07 DEBUG DefaultListableBeanFactory:484 - Finished creating instance of bean &apos;springMongoConfig&apos;
2016-11-18 01:57:07 DEBUG DefaultListableBeanFactory:251 - Returning cached instance of singleton bean &apos;org.springframework.context.annotation.ConfigurationClassPostProcessor.importAwareProcessor&apos;
2016-11-18 01:57:07 DEBUG DefaultListableBeanFactory:251 - Returning cached instance of singleton bean &apos;org.springframework.context.annotation.ConfigurationClassPostProcessor.enhancedConfigurationProcessor&apos;
2016-11-18 01:57:07 DEBUG DefaultListableBeanFactory:221 - Creating shared instance of singleton bean &apos;seoApi&apos;
2016-11-18 01:57:07 DEBUG DefaultListableBeanFactory:448 - Creating instance of bean &apos;seoApi&apos;
2016-11-18 01:57:07 DEBUG InjectionMetadata:72 - Registered injected element on class [com.okhelps.seo.api.SeoApi]: AutowiredFieldElement for private com.fasterxml.jackson.databind.ObjectMapper com.okhelps.seo.api.SeoApi.objectMapper
2016-11-18 01:57:07 DEBUG InjectionMetadata:72 - Registered injected element on class [com.okhelps.seo.api.SeoApi]: AutowiredFieldElement for private java.lang.String com.okhelps.seo.api.SeoApi.baseUrl
2016-11-18 01:57:07 DEBUG DefaultListableBeanFactory:529 - Eagerly caching bean &apos;seoApi&apos; to allow for resolving potential circular references
2016-11-18 01:57:08 DEBUG InjectionMetadata:86 - Processing injected element of bean &apos;seoApi&apos;: AutowiredFieldElement for private com.fasterxml.jackson.databind.ObjectMapper com.okhelps.seo.api.SeoApi.objectMapper
2016-11-18 01:57:08 DEBUG DefaultListableBeanFactory:221 - Creating shared instance of singleton bean &apos;mapper&apos;
2016-11-18 01:57:08 DEBUG DefaultListableBeanFactory:448 - Creating instance of bean &apos;mapper&apos;
2016-11-18 01:57:08 DEBUG DefaultListableBeanFactory:251 - Returning cached instance of singleton bean &apos;springConfig&apos;
2016-11-18 01:57:08 DEBUG DefaultListableBeanFactory:529 - Eagerly caching bean &apos;mapper&apos; to allow for resolving potential circular references
2016-11-18 01:57:08 DEBUG DefaultListableBeanFactory:484 - Finished creating instance of bean &apos;mapper&apos;
2016-11-18 01:57:08 DEBUG AutowiredAnnotationBeanPostProcessor:516 - Autowiring by type from bean name &apos;seoApi&apos; to bean named &apos;mapper&apos;
2016-11-18 01:57:08 DEBUG InjectionMetadata:86 - Processing injected element of bean &apos;seoApi&apos;: AutowiredFieldElement for private java.lang.String com.okhelps.seo.api.SeoApi.baseUrl
2016-11-18 01:57:08 DEBUG PropertySourcesPropertyResolver:151 - Found key &apos;baseUrl&apos; in [class path resource [config.properties]] with type [String]
2016-11-18 01:57:08 DEBUG PropertySourcesPropertyResolver:151 - Found key &apos;baseUrl&apos; in [environmentProperties] with type [String]
2016-11-18 01:57:08 DEBUG DefaultListableBeanFactory:484 - Finished creating instance of bean &apos;seoApi&apos;
2016-11-18 01:57:08 DEBUG DefaultListableBeanFactory:221 - Creating shared instance of singleton bean &apos;seoDataController&apos;
2016-11-18 01:57:08 DEBUG DefaultListableBeanFactory:448 - Creating instance of bean &apos;seoDataController&apos;
2016-11-18 01:57:08 DEBUG InjectionMetadata:72 - Registered injected element on class [com.okhelps.seo.controller.SeoDataController]: AutowiredFieldElement for com.okhelps.seo.services.ProjectService com.okhelps.seo.controller.SeoDataController.projectService
2016-11-18 01:57:08 DEBUG DefaultListableBeanFactory:529 - Eagerly caching bean &apos;seoDataController&apos; to allow for resolving potential circular references
2016-11-18 01:57:08 DEBUG InjectionMetadata:86 - Processing injected element of bean &apos;seoDataController&apos;: AutowiredFieldElement for com.okhelps.seo.services.ProjectService com.okhelps.seo.controller.SeoDataController.projectService
2016-11-18 01:57:08 DEBUG DefaultListableBeanFactory:221 - Creating shared instance of singleton bean &apos;projectService&apos;
2016-11-18 01:57:08 DEBUG DefaultListableBeanFactory:448 - Creating instance of bean &apos;projectService&apos;
2016-11-18 01:57:08 DEBUG InjectionMetadata:72 - Registered injected element on class [com.okhelps.seo.services.ProjectService]: AutowiredFieldElement for private com.okhelps.seo.api.SeoApi com.okhelps.seo.services.ProjectService.seoApi
2016-11-18 01:57:08 DEBUG InjectionMetadata:72 - Registered injected element on class [com.okhelps.seo.services.ProjectService]: AutowiredFieldElement for org.springframework.data.mongodb.core.MongoTemplate com.okhelps.seo.services.ProjectService.mongoTemplate
2016-11-18 01:57:08 DEBUG DefaultListableBeanFactory:529 - Eagerly caching bean &apos;projectService&apos; to allow for resolving potential circular references
2016-11-18 01:57:08 DEBUG InjectionMetadata:86 - Processing injected element of bean &apos;projectService&apos;: AutowiredFieldElement for private com.okhelps.seo.api.SeoApi com.okhelps.seo.services.ProjectService.seoApi
2016-11-18 01:57:08 DEBUG DefaultListableBeanFactory:251 - Returning cached instance of singleton bean &apos;seoApi&apos;
2016-11-18 01:57:08 DEBUG AutowiredAnnotationBeanPostProcessor:516 - Autowiring by type from bean name &apos;projectService&apos; to bean named &apos;seoApi&apos;
2016-11-18 01:57:08 DEBUG InjectionMetadata:86 - Processing injected element of bean &apos;projectService&apos;: AutowiredFieldElement for org.springframework.data.mongodb.core.MongoTemplate com.okhelps.seo.services.ProjectService.mongoTemplate
2016-11-18 01:57:08 DEBUG DefaultListableBeanFactory:221 - Creating shared instance of singleton bean &apos;mongoTemplate&apos;
2016-11-18 01:57:08 DEBUG DefaultListableBeanFactory:448 - Creating instance of bean &apos;mongoTemplate&apos;
2016-11-18 01:57:08 DEBUG DefaultListableBeanFactory:251 - Returning cached instance of singleton bean &apos;springMongoConfig&apos;
2016-11-18 01:57:08 DEBUG DefaultListableBeanFactory:221 - Creating shared instance of singleton bean &apos;mongoDbFactory&apos;
2016-11-18 01:57:08 DEBUG DefaultListableBeanFactory:448 - Creating instance of bean &apos;mongoDbFactory&apos;
2016-11-18 01:57:08 DEBUG DefaultListableBeanFactory:251 - Returning cached instance of singleton bean &apos;springMongoConfig&apos;
2016-11-18 01:57:08 DEBUG DefaultListableBeanFactory:529 - Eagerly caching bean &apos;mongoDbFactory&apos; to allow for resolving potential circular references
2016-11-18 01:57:08 DEBUG DefaultListableBeanFactory:484 - Finished creating instance of bean &apos;mongoDbFactory&apos;
2016-11-18 01:57:08 DEBUG DefaultListableBeanFactory:221 - Creating shared instance of singleton bean &apos;mappingMongoConverter&apos;
2016-11-18 01:57:08 DEBUG DefaultListableBeanFactory:448 - Creating instance of bean &apos;mappingMongoConverter&apos;
2016-11-18 01:57:08 DEBUG DefaultListableBeanFactory:251 - Returning cached instance of singleton bean &apos;springMongoConfig&apos;
2016-11-18 01:57:08 DEBUG DefaultListableBeanFactory:251 - Returning cached instance of singleton bean &apos;mongoDbFactory&apos;
2016-11-18 01:57:08 DEBUG DefaultListableBeanFactory:221 - Creating shared instance of singleton bean &apos;mongoMappingContext&apos;
2016-11-18 01:57:08 DEBUG DefaultListableBeanFactory:448 - Creating instance of bean &apos;mongoMappingContext&apos;
2016-11-18 01:57:08 DEBUG DefaultListableBeanFactory:251 - Returning cached instance of singleton bean &apos;springMongoConfig&apos;
2016-11-18 01:57:08 DEBUG StandardEnvironment:109 - Adding [systemProperties] PropertySource with lowest search precedence
2016-11-18 01:57:08 DEBUG StandardEnvironment:109 - Adding [systemEnvironment] PropertySource with lowest search precedence
2016-11-18 01:57:08 DEBUG StandardEnvironment:124 - Initialized StandardEnvironment with PropertySources [systemProperties,systemEnvironment]
2016-11-18 01:57:08 DEBUG PathMatchingResourcePatternResolver:317 - Resolved classpath location [com/okhelps/seo/configuration/] to resources [URL [file:/E:/Workspace/LoadData/SEO/target/classes/com/okhelps/seo/configuration/]]
2016-11-18 01:57:08 DEBUG PathMatchingResourcePatternResolver:711 - Looking for matching resources in directory tree [E:\Workspace\LoadData\SEO\target\classes\com\okhelps\seo\configuration]
2016-11-18 01:57:08 DEBUG PathMatchingResourcePatternResolver:773 - Searching directory [E:\Workspace\LoadData\SEO\target\classes\com\okhelps\seo\configuration] for files matching pattern [E:/Workspace/LoadData/SEO/target/classes/com/okhelps/seo/configuration/**/*.class]
2016-11-18 01:57:08 DEBUG PathMatchingResourcePatternResolver:483 - Resolved location pattern [classpath*:com/okhelps/seo/configuration/**/*.class] to resources [file [E:\Workspace\LoadData\SEO\target\classes\com\okhelps\seo\configuration\AppInitializer.class], file [E:\Workspace\LoadData\SEO\target\classes\com\okhelps\seo\configuration\SpringConfig.class], file [E:\Workspace\LoadData\SEO\target\classes\com\okhelps\seo\configuration\SpringMongoConfig.class], file [E:\Workspace\LoadData\SEO\target\classes\com\okhelps\seo\configuration\SpringWebConfig.class]]
2016-11-18 01:57:08 DEBUG DefaultListableBeanFactory:221 - Creating shared instance of singleton bean &apos;customConversions&apos;
2016-11-18 01:57:08 DEBUG DefaultListableBeanFactory:448 - Creating instance of bean &apos;customConversions&apos;
2016-11-18 01:57:08 DEBUG DefaultListableBeanFactory:251 - Returning cached instance of singleton bean &apos;springMongoConfig&apos;
2016-11-18 01:57:08 DEBUG DefaultListableBeanFactory:529 - Eagerly caching bean &apos;customConversions&apos; to allow for resolving potential circular references
2016-11-18 01:57:08 DEBUG DefaultListableBeanFactory:484 - Finished creating instance of bean &apos;customConversions&apos;
2016-11-18 01:57:08 DEBUG DefaultListableBeanFactory:529 - Eagerly caching bean &apos;mongoMappingContext&apos; to allow for resolving potential circular references
2016-11-18 01:57:08 DEBUG DefaultListableBeanFactory:1625 - Invoking afterPropertiesSet() on bean with name &apos;mongoMappingContext&apos;
2016-11-18 01:57:08 DEBUG DefaultListableBeanFactory:484 - Finished creating instance of bean &apos;mongoMappingContext&apos;
2016-11-18 01:57:08 DEBUG DefaultListableBeanFactory:251 - Returning cached instance of singleton bean &apos;customConversions&apos;
2016-11-18 01:57:08 DEBUG DefaultListableBeanFactory:529 - Eagerly caching bean &apos;mappingMongoConverter&apos; to allow for resolving potential circular references
2016-11-18 01:57:08 DEBUG DefaultListableBeanFactory:1625 - Invoking afterPropertiesSet() on bean with name &apos;mappingMongoConverter&apos;
2016-11-18 01:57:08 DEBUG DefaultListableBeanFactory:484 - Finished creating instance of bean &apos;mappingMongoConverter&apos;
2016-11-18 01:57:08 DEBUG DefaultListableBeanFactory:529 - Eagerly caching bean &apos;mongoTemplate&apos; to allow for resolving potential circular references
2016-11-18 01:57:08 DEBUG DefaultListableBeanFactory:484 - Finished creating instance of bean &apos;mongoTemplate&apos;
2016-11-18 01:57:08 DEBUG AutowiredAnnotationBeanPostProcessor:516 - Autowiring by type from bean name &apos;projectService&apos; to bean named &apos;mongoTemplate&apos;
2016-11-18 01:57:08 DEBUG DefaultListableBeanFactory:484 - Finished creating instance of bean &apos;projectService&apos;
2016-11-18 01:57:08 DEBUG AutowiredAnnotationBeanPostProcessor:516 - Autowiring by type from bean name &apos;seoDataController&apos; to bean named &apos;projectService&apos;
2016-11-18 01:57:08 DEBUG DefaultListableBeanFactory:484 - Finished creating instance of bean &apos;seoDataController&apos;
2016-11-18 01:57:08 DEBUG DefaultListableBeanFactory:251 - Returning cached instance of singleton bean &apos;projectService&apos;
2016-11-18 01:57:08 DEBUG DefaultListableBeanFactory:251 - Returning cached instance of singleton bean &apos;propertyConfigIn&apos;
2016-11-18 01:57:08 DEBUG DefaultListableBeanFactory:251 - Returning cached instance of singleton bean &apos;mapper&apos;
2016-11-18 01:57:08 DEBUG DefaultListableBeanFactory:251 - Returning cached instance of singleton bean &apos;mongoTemplate&apos;
2016-11-18 01:57:08 DEBUG DefaultListableBeanFactory:251 - Returning cached instance of singleton bean &apos;mongoDbFactory&apos;
2016-11-18 01:57:08 DEBUG DefaultListableBeanFactory:251 - Returning cached instance of singleton bean &apos;mongoMappingContext&apos;
2016-11-18 01:57:08 DEBUG DefaultListableBeanFactory:221 - Creating shared instance of singleton bean &apos;isNewStrategyFactory&apos;
2016-11-18 01:57:08 DEBUG DefaultListableBeanFactory:448 - Creating instance of bean &apos;isNewStrategyFactory&apos;
2016-11-18 01:57:08 DEBUG DefaultListableBeanFactory:251 - Returning cached instance of singleton bean &apos;springMongoConfig&apos;
2016-11-18 01:57:08 DEBUG DefaultListableBeanFactory:251 - Returning cached instance of singleton bean &apos;mongoMappingContext&apos;
2016-11-18 01:57:08 DEBUG DefaultListableBeanFactory:529 - Eagerly caching bean &apos;isNewStrategyFactory&apos; to allow for resolving potential circular references
2016-11-18 01:57:08 DEBUG DefaultListableBeanFactory:484 - Finished creating instance of bean &apos;isNewStrategyFactory&apos;
2016-11-18 01:57:08 DEBUG DefaultListableBeanFactory:251 - Returning cached instance of singleton bean &apos;customConversions&apos;
2016-11-18 01:57:08 DEBUG DefaultListableBeanFactory:251 - Returning cached instance of singleton bean &apos;mappingMongoConverter&apos;
2016-11-18 01:57:08 DEBUG DefaultListableBeanFactory:251 - Returning cached instance of singleton bean &apos;org.springframework.context.event.internalEventListenerFactory&apos;
2016-11-18 01:57:08 DEBUG GenericApplicationContext:779 - Unable to locate LifecycleProcessor with name &apos;lifecycleProcessor&apos;: using default [org.springframework.context.support.DefaultLifecycleProcessor@49a9308]
2016-11-18 01:57:08 DEBUG DefaultListableBeanFactory:251 - Returning cached instance of singleton bean &apos;lifecycleProcessor&apos;
2016-11-18 01:57:08 DEBUG PropertySourcesPropertyResolver:91 - Could not find key &apos;spring.liveBeansView.mbeanDomain&apos; in any property source
2016-11-18 01:57:08 DEBUG DefaultCacheAwareContextLoaderDelegate:118 - Storing ApplicationContext in cache under key [[MergedContextConfiguration@67591ba4 testClass = TestProjectServise, locations = &apos;{}&apos;, classes = &apos;{class com.okhelps.seo.configuration.SpringConfig, class com.okhelps.seo.configuration.SpringMongoConfig}&apos;, contextInitializerClasses = &apos;[]&apos;, activeProfiles = &apos;{}&apos;, propertySourceLocations = &apos;{}&apos;, propertySourceProperties = &apos;{}&apos;, contextCustomizers = set[[empty]], contextLoader = &apos;org.springframework.test.context.support.DelegatingSmartContextLoader&apos;, parent = [null]]]
2016-11-18 01:57:08 DEBUG cache:290 - Spring test ApplicationContext cache statistics: [DefaultContextCache@5629f270 size = 1, maxSize = 32, parentContextCount = 0, hitCount = 0, missCount = 1]
2016-11-18 01:57:08 DEBUG InjectionMetadata:86 - Processing injected element of bean &apos;com.okhelps.seo.test.TestProjectServise&apos;: AutowiredFieldElement for com.okhelps.seo.services.ProjectService com.okhelps.seo.test.TestProjectServise.projectService
2016-11-18 01:57:08 DEBUG DefaultListableBeanFactory:251 - Returning cached instance of singleton bean &apos;projectService&apos;
2016-11-18 01:57:08 DEBUG AutowiredAnnotationBeanPostProcessor:516 - Autowiring by type from bean name &apos;com.okhelps.seo.test.TestProjectServise&apos; to bean named &apos;projectService&apos;
2016-11-18 01:57:08 DEBUG AbstractDirtiesContextTestExecutionListener:106 - Before test method: context [DefaultTestContext@20197522 testClass = TestProjectServise, testInstance = com.okhelps.seo.test.TestProjectServise@54e156e1, testMethod = saveCategories@TestProjectServise, testException = [null], mergedContextConfiguration = [MergedContextConfiguration@67591ba4 testClass = TestProjectServise, locations = &apos;{}&apos;, classes = &apos;{class com.okhelps.seo.configuration.SpringConfig, class com.okhelps.seo.configuration.SpringMongoConfig}&apos;, contextInitializerClasses = &apos;[]&apos;, activeProfiles = &apos;{}&apos;, propertySourceLocations = &apos;{}&apos;, propertySourceProperties = &apos;{}&apos;, contextCustomizers = set[[empty]], contextLoader = &apos;org.springframework.test.context.support.DelegatingSmartContextLoader&apos;, parent = [null]]], class annotated with @DirtiesContext [false] with mode [null], method annotated with @DirtiesContext [false] with mode [null].
2016-11-18 01:57:08 DEBUG AbstractDirtiesContextTestExecutionListener:106 - After test method: context [DefaultTestContext@20197522 testClass = TestProjectServise, testInstance = com.okhelps.seo.test.TestProjectServise@54e156e1, testMethod = saveCategories@TestProjectServise, testException = java.lang.NullPointerException, mergedContextConfiguration = [MergedContextConfiguration@67591ba4 testClass = TestProjectServise, locations = &apos;{}&apos;, classes = &apos;{class com.okhelps.seo.configuration.SpringConfig, class com.okhelps.seo.configuration.SpringMongoConfig}&apos;, contextInitializerClasses = &apos;[]&apos;, activeProfiles = &apos;{}&apos;, propertySourceLocations = &apos;{}&apos;, propertySourceProperties = &apos;{}&apos;, contextCustomizers = set[[empty]], contextLoader = &apos;org.springframework.test.context.support.DelegatingSmartContextLoader&apos;, parent = [null]]], class annotated with @DirtiesContext [false] with mode [null], method annotated with @DirtiesContext [false] with mode [null].
</system-out>
  </testcase>
  <testcase time="0.692" classname="com.okhelps.seo.test.TestProjectServise" name="getAllCategories">
    <error type="java.lang.NullPointerException">java.lang.NullPointerException
	at com.okhelps.seo.services.ProjectService.getAllCategories(ProjectService.java:54)
	at com.okhelps.seo.test.TestProjectServise.getAllCategories(TestProjectServise.java:46)
	at sun.reflect.NativeMethodAccessorImpl.invoke0(Native Method)
	at sun.reflect.NativeMethodAccessorImpl.invoke(NativeMethodAccessorImpl.java:57)
	at sun.reflect.DelegatingMethodAccessorImpl.invoke(DelegatingMethodAccessorImpl.java:43)
	at java.lang.reflect.Method.invoke(Method.java:606)
	at org.junit.runners.model.FrameworkMethod$1.runReflectiveCall(FrameworkMethod.java:50)
	at org.junit.internal.runners.model.ReflectiveCallable.run(ReflectiveCallable.java:12)
	at org.junit.runners.model.FrameworkMethod.invokeExplosively(FrameworkMethod.java:47)
	at org.junit.internal.runners.statements.InvokeMethod.evaluate(InvokeMethod.java:17)
	at org.springframework.test.context.junit4.statements.RunBeforeTestMethodCallbacks.evaluate(RunBeforeTestMethodCallbacks.java:75)
	at org.springframework.test.context.junit4.statements.RunAfterTestMethodCallbacks.evaluate(RunAfterTestMethodCallbacks.java:86)
	at org.springframework.test.context.junit4.statements.SpringRepeat.evaluate(SpringRepeat.java:84)
	at org.junit.runners.ParentRunner.runLeaf(ParentRunner.java:325)
	at org.springframework.test.context.junit4.SpringJUnit4ClassRunner.runChild(SpringJUnit4ClassRunner.java:252)
	at org.springframework.test.context.junit4.SpringJUnit4ClassRunner.runChild(SpringJUnit4ClassRunner.java:94)
	at org.junit.runners.ParentRunner$3.run(ParentRunner.java:290)
	at org.junit.runners.ParentRunner$1.schedule(ParentRunner.java:71)
	at org.junit.runners.ParentRunner.runChildren(ParentRunner.java:288)
	at org.junit.runners.ParentRunner.access$000(ParentRunner.java:58)
	at org.junit.runners.ParentRunner$2.evaluate(ParentRunner.java:268)
	at org.springframework.test.context.junit4.statements.RunBeforeTestClassCallbacks.evaluate(RunBeforeTestClassCallbacks.java:61)
	at org.springframework.test.context.junit4.statements.RunAfterTestClassCallbacks.evaluate(RunAfterTestClassCallbacks.java:70)
	at org.junit.runners.ParentRunner.run(ParentRunner.java:363)
	at org.springframework.test.context.junit4.SpringJUnit4ClassRunner.run(SpringJUnit4ClassRunner.java:191)
	at org.apache.maven.surefire.junit4.JUnit4Provider.execute(JUnit4Provider.java:252)
	at org.apache.maven.surefire.junit4.JUnit4Provider.executeTestSet(JUnit4Provider.java:141)
	at org.apache.maven.surefire.junit4.JUnit4Provider.invoke(JUnit4Provider.java:112)
	at sun.reflect.NativeMethodAccessorImpl.invoke0(Native Method)
	at sun.reflect.NativeMethodAccessorImpl.invoke(NativeMethodAccessorImpl.java:57)
	at sun.reflect.DelegatingMethodAccessorImpl.invoke(DelegatingMethodAccessorImpl.java:43)
	at java.lang.reflect.Method.invoke(Method.java:606)
	at org.apache.maven.surefire.util.ReflectionUtils.invokeMethodWithArray(ReflectionUtils.java:189)
	at org.apache.maven.surefire.booter.ProviderFactory$ProviderProxy.invoke(ProviderFactory.java:165)
	at org.apache.maven.surefire.booter.ProviderFactory.invokeProvider(ProviderFactory.java:85)
	at org.apache.maven.surefire.booter.ForkedBooter.runSuitesInProcess(ForkedBooter.java:115)
	at org.apache.maven.surefire.booter.ForkedBooter.main(ForkedBooter.java:75)
</error>
    <system-out>2016-11-18 01:57:08 DEBUG ProfileValueUtils:68 - Retrieved @ProfileValueSourceConfiguration [null] for test class [com.okhelps.seo.test.TestProjectServise]
2016-11-18 01:57:08 DEBUG ProfileValueUtils:80 - Retrieved ProfileValueSource type [class org.springframework.test.annotation.SystemProfileValueSource] for class [com.okhelps.seo.test.TestProjectServise]
2016-11-18 01:57:08 DEBUG DependencyInjectionTestExecutionListener:81 - Performing dependency injection for test context [[DefaultTestContext@20197522 testClass = TestProjectServise, testInstance = com.okhelps.seo.test.TestProjectServise@62898cdb, testMethod = [null], testException = [null], mergedContextConfiguration = [MergedContextConfiguration@67591ba4 testClass = TestProjectServise, locations = &apos;{}&apos;, classes = &apos;{class com.okhelps.seo.configuration.SpringConfig, class com.okhelps.seo.configuration.SpringMongoConfig}&apos;, contextInitializerClasses = &apos;[]&apos;, activeProfiles = &apos;{}&apos;, propertySourceLocations = &apos;{}&apos;, propertySourceProperties = &apos;{}&apos;, contextCustomizers = set[[empty]], contextLoader = &apos;org.springframework.test.context.support.DelegatingSmartContextLoader&apos;, parent = [null]]]].
2016-11-18 01:57:08 DEBUG DefaultCacheAwareContextLoaderDelegate:129 - Retrieved ApplicationContext from cache with key [[MergedContextConfiguration@67591ba4 testClass = TestProjectServise, locations = &apos;{}&apos;, classes = &apos;{class com.okhelps.seo.configuration.SpringConfig, class com.okhelps.seo.configuration.SpringMongoConfig}&apos;, contextInitializerClasses = &apos;[]&apos;, activeProfiles = &apos;{}&apos;, propertySourceLocations = &apos;{}&apos;, propertySourceProperties = &apos;{}&apos;, contextCustomizers = set[[empty]], contextLoader = &apos;org.springframework.test.context.support.DelegatingSmartContextLoader&apos;, parent = [null]]]
2016-11-18 01:57:08 DEBUG cache:290 - Spring test ApplicationContext cache statistics: [DefaultContextCache@5629f270 size = 1, maxSize = 32, parentContextCount = 0, hitCount = 1, missCount = 1]
2016-11-18 01:57:08 DEBUG InjectionMetadata:86 - Processing injected element of bean &apos;com.okhelps.seo.test.TestProjectServise&apos;: AutowiredFieldElement for com.okhelps.seo.services.ProjectService com.okhelps.seo.test.TestProjectServise.projectService
2016-11-18 01:57:08 DEBUG DefaultListableBeanFactory:251 - Returning cached instance of singleton bean &apos;projectService&apos;
2016-11-18 01:57:08 DEBUG AbstractDirtiesContextTestExecutionListener:106 - Before test method: context [DefaultTestContext@20197522 testClass = TestProjectServise, testInstance = com.okhelps.seo.test.TestProjectServise@62898cdb, testMethod = getAllCategories@TestProjectServise, testException = [null], mergedContextConfiguration = [MergedContextConfiguration@67591ba4 testClass = TestProjectServise, locations = &apos;{}&apos;, classes = &apos;{class com.okhelps.seo.configuration.SpringConfig, class com.okhelps.seo.configuration.SpringMongoConfig}&apos;, contextInitializerClasses = &apos;[]&apos;, activeProfiles = &apos;{}&apos;, propertySourceLocations = &apos;{}&apos;, propertySourceProperties = &apos;{}&apos;, contextCustomizers = set[[empty]], contextLoader = &apos;org.springframework.test.context.support.DelegatingSmartContextLoader&apos;, parent = [null]]], class annotated with @DirtiesContext [false] with mode [null], method annotated with @DirtiesContext [false] with mode [null].
2016-11-18 01:57:09 ERROR ProjectService:36 - This is Error message
com.fasterxml.jackson.databind.JsonMappingException: Can not construct instance of org.bson.types.ObjectId: no int/Int-argument constructor/factory method to deserialize from Number value (23)
 at [Source: java.io.InputStreamReader@2b0995e0; line: 1, column: 31] (through reference chain: com.okhelps.seo.bean.ProjectResponse[&quot;data&quot;]-&gt;java.util.ArrayList[0]-&gt;com.okhelps.seo.entity.Project[&quot;id&quot;])
	at com.fasterxml.jackson.databind.JsonMappingException.from(JsonMappingException.java:261)
	at com.fasterxml.jackson.databind.DeserializationContext.instantiationException(DeserializationContext.java:1420)
	at com.fasterxml.jackson.databind.DeserializationContext.handleMissingInstantiator(DeserializationContext.java:1011)
	at com.fasterxml.jackson.databind.deser.ValueInstantiator.createFromInt(ValueInstantiator.java:257)
	at com.fasterxml.jackson.databind.deser.std.StdValueInstantiator.createFromInt(StdValueInstantiator.java:340)
	at com.fasterxml.jackson.databind.deser.BeanDeserializerBase.deserializeFromNumber(BeanDeserializerBase.java:1220)
	at com.fasterxml.jackson.databind.deser.BeanDeserializer._deserializeOther(BeanDeserializer.java:161)
	at com.fasterxml.jackson.databind.deser.BeanDeserializer.deserialize(BeanDeserializer.java:150)
	at com.fasterxml.jackson.databind.deser.SettableBeanProperty.deserialize(SettableBeanProperty.java:490)
	at com.fasterxml.jackson.databind.deser.impl.MethodProperty.deserializeAndSet(MethodProperty.java:95)
	at com.fasterxml.jackson.databind.deser.BeanDeserializer.vanillaDeserialize(BeanDeserializer.java:276)
	at com.fasterxml.jackson.databind.deser.BeanDeserializer.deserialize(BeanDeserializer.java:140)
	at com.fasterxml.jackson.databind.deser.std.CollectionDeserializer.deserialize(CollectionDeserializer.java:277)
	at com.fasterxml.jackson.databind.deser.std.CollectionDeserializer.deserialize(CollectionDeserializer.java:249)
	at com.fasterxml.jackson.databind.deser.std.CollectionDeserializer.deserialize(CollectionDeserializer.java:26)
	at com.fasterxml.jackson.databind.deser.SettableBeanProperty.deserialize(SettableBeanProperty.java:490)
	at com.fasterxml.jackson.databind.deser.impl.MethodProperty.deserializeAndSet(MethodProperty.java:95)
	at com.fasterxml.jackson.databind.deser.BeanDeserializer.vanillaDeserialize(BeanDeserializer.java:276)
	at com.fasterxml.jackson.databind.deser.BeanDeserializer.deserialize(BeanDeserializer.java:140)
	at com.fasterxml.jackson.databind.ObjectReader._bindAndClose(ObjectReader.java:1622)
	at com.fasterxml.jackson.databind.ObjectReader.readValue(ObjectReader.java:1200)
	at retrofit2.converter.jackson.JacksonResponseBodyConverter.convert(JacksonResponseBodyConverter.java:32)
	at retrofit2.converter.jackson.JacksonResponseBodyConverter.convert(JacksonResponseBodyConverter.java:23)
	at retrofit2.ServiceMethod.toResponse(ServiceMethod.java:117)
	at retrofit2.OkHttpCall.parseResponse(OkHttpCall.java:211)
	at retrofit2.OkHttpCall.execute(OkHttpCall.java:174)
	at com.okhelps.seo.services.ProjectService.getProjects(ProjectService.java:34)
	at com.okhelps.seo.services.ProjectService.setAllCategoriesProjectId(ProjectService.java:94)
	at com.okhelps.seo.services.ProjectService.getAllCategories(ProjectService.java:51)
	at com.okhelps.seo.test.TestProjectServise.getAllCategories(TestProjectServise.java:46)
	at sun.reflect.NativeMethodAccessorImpl.invoke0(Native Method)
	at sun.reflect.NativeMethodAccessorImpl.invoke(NativeMethodAccessorImpl.java:57)
	at sun.reflect.DelegatingMethodAccessorImpl.invoke(DelegatingMethodAccessorImpl.java:43)
	at java.lang.reflect.Method.invoke(Method.java:606)
	at org.junit.runners.model.FrameworkMethod$1.runReflectiveCall(FrameworkMethod.java:50)
	at org.junit.internal.runners.model.ReflectiveCallable.run(ReflectiveCallable.java:12)
	at org.junit.runners.model.FrameworkMethod.invokeExplosively(FrameworkMethod.java:47)
	at org.junit.internal.runners.statements.InvokeMethod.evaluate(InvokeMethod.java:17)
	at org.springframework.test.context.junit4.statements.RunBeforeTestMethodCallbacks.evaluate(RunBeforeTestMethodCallbacks.java:75)
	at org.springframework.test.context.junit4.statements.RunAfterTestMethodCallbacks.evaluate(RunAfterTestMethodCallbacks.java:86)
	at org.springframework.test.context.junit4.statements.SpringRepeat.evaluate(SpringRepeat.java:84)
	at org.junit.runners.ParentRunner.runLeaf(ParentRunner.java:325)
	at org.springframework.test.context.junit4.SpringJUnit4ClassRunner.runChild(SpringJUnit4ClassRunner.java:252)
	at org.springframework.test.context.junit4.SpringJUnit4ClassRunner.runChild(SpringJUnit4ClassRunner.java:94)
	at org.junit.runners.ParentRunner$3.run(ParentRunner.java:290)
	at org.junit.runners.ParentRunner$1.schedule(ParentRunner.java:71)
	at org.junit.runners.ParentRunner.runChildren(ParentRunner.java:288)
	at org.junit.runners.ParentRunner.access$000(ParentRunner.java:58)
	at org.junit.runners.ParentRunner$2.evaluate(ParentRunner.java:268)
	at org.springframework.test.context.junit4.statements.RunBeforeTestClassCallbacks.evaluate(RunBeforeTestClassCallbacks.java:61)
	at org.springframework.test.context.junit4.statements.RunAfterTestClassCallbacks.evaluate(RunAfterTestClassCallbacks.java:70)
	at org.junit.runners.ParentRunner.run(ParentRunner.java:363)
	at org.springframework.test.context.junit4.SpringJUnit4ClassRunner.run(SpringJUnit4ClassRunner.java:191)
	at org.apache.maven.surefire.junit4.JUnit4Provider.execute(JUnit4Provider.java:252)
	at org.apache.maven.surefire.junit4.JUnit4Provider.executeTestSet(JUnit4Provider.java:141)
	at org.apache.maven.surefire.junit4.JUnit4Provider.invoke(JUnit4Provider.java:112)
	at sun.reflect.NativeMethodAccessorImpl.invoke0(Native Method)
	at sun.reflect.NativeMethodAccessorImpl.invoke(NativeMethodAccessorImpl.java:57)
	at sun.reflect.DelegatingMethodAccessorImpl.invoke(DelegatingMethodAccessorImpl.java:43)
	at java.lang.reflect.Method.invoke(Method.java:606)
	at org.apache.maven.surefire.util.ReflectionUtils.invokeMethodWithArray(ReflectionUtils.java:189)
	at org.apache.maven.surefire.booter.ProviderFactory$ProviderProxy.invoke(ProviderFactory.java:165)
	at org.apache.maven.surefire.booter.ProviderFactory.invokeProvider(ProviderFactory.java:85)
	at org.apache.maven.surefire.booter.ForkedBooter.runSuitesInProcess(ForkedBooter.java:115)
	at org.apache.maven.surefire.booter.ForkedBooter.main(ForkedBooter.java:75)
2016-11-18 01:57:09 DEBUG AbstractDirtiesContextTestExecutionListener:106 - After test method: context [DefaultTestContext@20197522 testClass = TestProjectServise, testInstance = com.okhelps.seo.test.TestProjectServise@62898cdb, testMethod = getAllCategories@TestProjectServise, testException = java.lang.NullPointerException, mergedContextConfiguration = [MergedContextConfiguration@67591ba4 testClass = TestProjectServise, locations = &apos;{}&apos;, classes = &apos;{class com.okhelps.seo.configuration.SpringConfig, class com.okhelps.seo.configuration.SpringMongoConfig}&apos;, contextInitializerClasses = &apos;[]&apos;, activeProfiles = &apos;{}&apos;, propertySourceLocations = &apos;{}&apos;, propertySourceProperties = &apos;{}&apos;, contextCustomizers = set[[empty]], contextLoader = &apos;org.springframework.test.context.support.DelegatingSmartContextLoader&apos;, parent = [null]]], class annotated with @DirtiesContext [false] with mode [null], method annotated with @DirtiesContext [false] with mode [null].
</system-out>
  </testcase>
  <testcase time="0.003" classname="com.okhelps.seo.test.TestProjectServise" name="differentSizeAboutReturnCategoriesMethods">
    <error type="java.lang.NullPointerException">java.lang.NullPointerException
	at com.okhelps.seo.test.TestProjectServise.differentSizeAboutReturnCategoriesMethods(TestProjectServise.java:52)
	at sun.reflect.NativeMethodAccessorImpl.invoke0(Native Method)
	at sun.reflect.NativeMethodAccessorImpl.invoke(NativeMethodAccessorImpl.java:57)
	at sun.reflect.DelegatingMethodAccessorImpl.invoke(DelegatingMethodAccessorImpl.java:43)
	at java.lang.reflect.Method.invoke(Method.java:606)
	at org.junit.runners.model.FrameworkMethod$1.runReflectiveCall(FrameworkMethod.java:50)
	at org.junit.internal.runners.model.ReflectiveCallable.run(ReflectiveCallable.java:12)
	at org.junit.runners.model.FrameworkMethod.invokeExplosively(FrameworkMethod.java:47)
	at org.junit.internal.runners.statements.InvokeMethod.evaluate(InvokeMethod.java:17)
	at org.springframework.test.context.junit4.statements.RunBeforeTestMethodCallbacks.evaluate(RunBeforeTestMethodCallbacks.java:75)
	at org.springframework.test.context.junit4.statements.RunAfterTestMethodCallbacks.evaluate(RunAfterTestMethodCallbacks.java:86)
	at org.springframework.test.context.junit4.statements.SpringRepeat.evaluate(SpringRepeat.java:84)
	at org.junit.runners.ParentRunner.runLeaf(ParentRunner.java:325)
	at org.springframework.test.context.junit4.SpringJUnit4ClassRunner.runChild(SpringJUnit4ClassRunner.java:252)
	at org.springframework.test.context.junit4.SpringJUnit4ClassRunner.runChild(SpringJUnit4ClassRunner.java:94)
	at org.junit.runners.ParentRunner$3.run(ParentRunner.java:290)
	at org.junit.runners.ParentRunner$1.schedule(ParentRunner.java:71)
	at org.junit.runners.ParentRunner.runChildren(ParentRunner.java:288)
	at org.junit.runners.ParentRunner.access$000(ParentRunner.java:58)
	at org.junit.runners.ParentRunner$2.evaluate(ParentRunner.java:268)
	at org.springframework.test.context.junit4.statements.RunBeforeTestClassCallbacks.evaluate(RunBeforeTestClassCallbacks.java:61)
	at org.springframework.test.context.junit4.statements.RunAfterTestClassCallbacks.evaluate(RunAfterTestClassCallbacks.java:70)
	at org.junit.runners.ParentRunner.run(ParentRunner.java:363)
	at org.springframework.test.context.junit4.SpringJUnit4ClassRunner.run(SpringJUnit4ClassRunner.java:191)
	at org.apache.maven.surefire.junit4.JUnit4Provider.execute(JUnit4Provider.java:252)
	at org.apache.maven.surefire.junit4.JUnit4Provider.executeTestSet(JUnit4Provider.java:141)
	at org.apache.maven.surefire.junit4.JUnit4Provider.invoke(JUnit4Provider.java:112)
	at sun.reflect.NativeMethodAccessorImpl.invoke0(Native Method)
	at sun.reflect.NativeMethodAccessorImpl.invoke(NativeMethodAccessorImpl.java:57)
	at sun.reflect.DelegatingMethodAccessorImpl.invoke(DelegatingMethodAccessorImpl.java:43)
	at java.lang.reflect.Method.invoke(Method.java:606)
	at org.apache.maven.surefire.util.ReflectionUtils.invokeMethodWithArray(ReflectionUtils.java:189)
	at org.apache.maven.surefire.booter.ProviderFactory$ProviderProxy.invoke(ProviderFactory.java:165)
	at org.apache.maven.surefire.booter.ProviderFactory.invokeProvider(ProviderFactory.java:85)
	at org.apache.maven.surefire.booter.ForkedBooter.runSuitesInProcess(ForkedBooter.java:115)
	at org.apache.maven.surefire.booter.ForkedBooter.main(ForkedBooter.java:75)
</error>
    <system-out>2016-11-18 01:57:09 DEBUG ProfileValueUtils:68 - Retrieved @ProfileValueSourceConfiguration [null] for test class [com.okhelps.seo.test.TestProjectServise]
2016-11-18 01:57:09 DEBUG ProfileValueUtils:80 - Retrieved ProfileValueSource type [class org.springframework.test.annotation.SystemProfileValueSource] for class [com.okhelps.seo.test.TestProjectServise]
2016-11-18 01:57:09 DEBUG DependencyInjectionTestExecutionListener:81 - Performing dependency injection for test context [[DefaultTestContext@20197522 testClass = TestProjectServise, testInstance = com.okhelps.seo.test.TestProjectServise@55ca3dcb, testMethod = [null], testException = [null], mergedContextConfiguration = [MergedContextConfiguration@67591ba4 testClass = TestProjectServise, locations = &apos;{}&apos;, classes = &apos;{class com.okhelps.seo.configuration.SpringConfig, class com.okhelps.seo.configuration.SpringMongoConfig}&apos;, contextInitializerClasses = &apos;[]&apos;, activeProfiles = &apos;{}&apos;, propertySourceLocations = &apos;{}&apos;, propertySourceProperties = &apos;{}&apos;, contextCustomizers = set[[empty]], contextLoader = &apos;org.springframework.test.context.support.DelegatingSmartContextLoader&apos;, parent = [null]]]].
2016-11-18 01:57:09 DEBUG DefaultCacheAwareContextLoaderDelegate:129 - Retrieved ApplicationContext from cache with key [[MergedContextConfiguration@67591ba4 testClass = TestProjectServise, locations = &apos;{}&apos;, classes = &apos;{class com.okhelps.seo.configuration.SpringConfig, class com.okhelps.seo.configuration.SpringMongoConfig}&apos;, contextInitializerClasses = &apos;[]&apos;, activeProfiles = &apos;{}&apos;, propertySourceLocations = &apos;{}&apos;, propertySourceProperties = &apos;{}&apos;, contextCustomizers = set[[empty]], contextLoader = &apos;org.springframework.test.context.support.DelegatingSmartContextLoader&apos;, parent = [null]]]
2016-11-18 01:57:09 DEBUG cache:290 - Spring test ApplicationContext cache statistics: [DefaultContextCache@5629f270 size = 1, maxSize = 32, parentContextCount = 0, hitCount = 2, missCount = 1]
2016-11-18 01:57:09 DEBUG InjectionMetadata:86 - Processing injected element of bean &apos;com.okhelps.seo.test.TestProjectServise&apos;: AutowiredFieldElement for com.okhelps.seo.services.ProjectService com.okhelps.seo.test.TestProjectServise.projectService
2016-11-18 01:57:09 DEBUG DefaultListableBeanFactory:251 - Returning cached instance of singleton bean &apos;projectService&apos;
2016-11-18 01:57:09 DEBUG AbstractDirtiesContextTestExecutionListener:106 - Before test method: context [DefaultTestContext@20197522 testClass = TestProjectServise, testInstance = com.okhelps.seo.test.TestProjectServise@55ca3dcb, testMethod = differentSizeAboutReturnCategoriesMethods@TestProjectServise, testException = [null], mergedContextConfiguration = [MergedContextConfiguration@67591ba4 testClass = TestProjectServise, locations = &apos;{}&apos;, classes = &apos;{class com.okhelps.seo.configuration.SpringConfig, class com.okhelps.seo.configuration.SpringMongoConfig}&apos;, contextInitializerClasses = &apos;[]&apos;, activeProfiles = &apos;{}&apos;, propertySourceLocations = &apos;{}&apos;, propertySourceProperties = &apos;{}&apos;, contextCustomizers = set[[empty]], contextLoader = &apos;org.springframework.test.context.support.DelegatingSmartContextLoader&apos;, parent = [null]]], class annotated with @DirtiesContext [false] with mode [null], method annotated with @DirtiesContext [false] with mode [null].
2016-11-18 01:57:09 DEBUG AbstractDirtiesContextTestExecutionListener:106 - After test method: context [DefaultTestContext@20197522 testClass = TestProjectServise, testInstance = com.okhelps.seo.test.TestProjectServise@55ca3dcb, testMethod = differentSizeAboutReturnCategoriesMethods@TestProjectServise, testException = java.lang.NullPointerException, mergedContextConfiguration = [MergedContextConfiguration@67591ba4 testClass = TestProjectServise, locations = &apos;{}&apos;, classes = &apos;{class com.okhelps.seo.configuration.SpringConfig, class com.okhelps.seo.configuration.SpringMongoConfig}&apos;, contextInitializerClasses = &apos;[]&apos;, activeProfiles = &apos;{}&apos;, propertySourceLocations = &apos;{}&apos;, propertySourceProperties = &apos;{}&apos;, contextCustomizers = set[[empty]], contextLoader = &apos;org.springframework.test.context.support.DelegatingSmartContextLoader&apos;, parent = [null]]], class annotated with @DirtiesContext [false] with mode [null], method annotated with @DirtiesContext [false] with mode [null].
</system-out>
  </testcase>
  <testcase time="0.002" classname="com.okhelps.seo.test.TestProjectServise" name="getCategories">
    <error type="java.lang.NullPointerException">java.lang.NullPointerException
	at com.okhelps.seo.test.TestProjectServise.getCategories(TestProjectServise.java:39)
	at sun.reflect.NativeMethodAccessorImpl.invoke0(Native Method)
	at sun.reflect.NativeMethodAccessorImpl.invoke(NativeMethodAccessorImpl.java:57)
	at sun.reflect.DelegatingMethodAccessorImpl.invoke(DelegatingMethodAccessorImpl.java:43)
	at java.lang.reflect.Method.invoke(Method.java:606)
	at org.junit.runners.model.FrameworkMethod$1.runReflectiveCall(FrameworkMethod.java:50)
	at org.junit.internal.runners.model.ReflectiveCallable.run(ReflectiveCallable.java:12)
	at org.junit.runners.model.FrameworkMethod.invokeExplosively(FrameworkMethod.java:47)
	at org.junit.internal.runners.statements.InvokeMethod.evaluate(InvokeMethod.java:17)
	at org.springframework.test.context.junit4.statements.RunBeforeTestMethodCallbacks.evaluate(RunBeforeTestMethodCallbacks.java:75)
	at org.springframework.test.context.junit4.statements.RunAfterTestMethodCallbacks.evaluate(RunAfterTestMethodCallbacks.java:86)
	at org.springframework.test.context.junit4.statements.SpringRepeat.evaluate(SpringRepeat.java:84)
	at org.junit.runners.ParentRunner.runLeaf(ParentRunner.java:325)
	at org.springframework.test.context.junit4.SpringJUnit4ClassRunner.runChild(SpringJUnit4ClassRunner.java:252)
	at org.springframework.test.context.junit4.SpringJUnit4ClassRunner.runChild(SpringJUnit4ClassRunner.java:94)
	at org.junit.runners.ParentRunner$3.run(ParentRunner.java:290)
	at org.junit.runners.ParentRunner$1.schedule(ParentRunner.java:71)
	at org.junit.runners.ParentRunner.runChildren(ParentRunner.java:288)
	at org.junit.runners.ParentRunner.access$000(ParentRunner.java:58)
	at org.junit.runners.ParentRunner$2.evaluate(ParentRunner.java:268)
	at org.springframework.test.context.junit4.statements.RunBeforeTestClassCallbacks.evaluate(RunBeforeTestClassCallbacks.java:61)
	at org.springframework.test.context.junit4.statements.RunAfterTestClassCallbacks.evaluate(RunAfterTestClassCallbacks.java:70)
	at org.junit.runners.ParentRunner.run(ParentRunner.java:363)
	at org.springframework.test.context.junit4.SpringJUnit4ClassRunner.run(SpringJUnit4ClassRunner.java:191)
	at org.apache.maven.surefire.junit4.JUnit4Provider.execute(JUnit4Provider.java:252)
	at org.apache.maven.surefire.junit4.JUnit4Provider.executeTestSet(JUnit4Provider.java:141)
	at org.apache.maven.surefire.junit4.JUnit4Provider.invoke(JUnit4Provider.java:112)
	at sun.reflect.NativeMethodAccessorImpl.invoke0(Native Method)
	at sun.reflect.NativeMethodAccessorImpl.invoke(NativeMethodAccessorImpl.java:57)
	at sun.reflect.DelegatingMethodAccessorImpl.invoke(DelegatingMethodAccessorImpl.java:43)
	at java.lang.reflect.Method.invoke(Method.java:606)
	at org.apache.maven.surefire.util.ReflectionUtils.invokeMethodWithArray(ReflectionUtils.java:189)
	at org.apache.maven.surefire.booter.ProviderFactory$ProviderProxy.invoke(ProviderFactory.java:165)
	at org.apache.maven.surefire.booter.ProviderFactory.invokeProvider(ProviderFactory.java:85)
	at org.apache.maven.surefire.booter.ForkedBooter.runSuitesInProcess(ForkedBooter.java:115)
	at org.apache.maven.surefire.booter.ForkedBooter.main(ForkedBooter.java:75)
</error>
    <system-out>2016-11-18 01:57:09 DEBUG ProfileValueUtils:68 - Retrieved @ProfileValueSourceConfiguration [null] for test class [com.okhelps.seo.test.TestProjectServise]
2016-11-18 01:57:09 DEBUG ProfileValueUtils:80 - Retrieved ProfileValueSource type [class org.springframework.test.annotation.SystemProfileValueSource] for class [com.okhelps.seo.test.TestProjectServise]
2016-11-18 01:57:09 DEBUG DependencyInjectionTestExecutionListener:81 - Performing dependency injection for test context [[DefaultTestContext@20197522 testClass = TestProjectServise, testInstance = com.okhelps.seo.test.TestProjectServise@785f0774, testMethod = [null], testException = [null], mergedContextConfiguration = [MergedContextConfiguration@67591ba4 testClass = TestProjectServise, locations = &apos;{}&apos;, classes = &apos;{class com.okhelps.seo.configuration.SpringConfig, class com.okhelps.seo.configuration.SpringMongoConfig}&apos;, contextInitializerClasses = &apos;[]&apos;, activeProfiles = &apos;{}&apos;, propertySourceLocations = &apos;{}&apos;, propertySourceProperties = &apos;{}&apos;, contextCustomizers = set[[empty]], contextLoader = &apos;org.springframework.test.context.support.DelegatingSmartContextLoader&apos;, parent = [null]]]].
2016-11-18 01:57:09 DEBUG DefaultCacheAwareContextLoaderDelegate:129 - Retrieved ApplicationContext from cache with key [[MergedContextConfiguration@67591ba4 testClass = TestProjectServise, locations = &apos;{}&apos;, classes = &apos;{class com.okhelps.seo.configuration.SpringConfig, class com.okhelps.seo.configuration.SpringMongoConfig}&apos;, contextInitializerClasses = &apos;[]&apos;, activeProfiles = &apos;{}&apos;, propertySourceLocations = &apos;{}&apos;, propertySourceProperties = &apos;{}&apos;, contextCustomizers = set[[empty]], contextLoader = &apos;org.springframework.test.context.support.DelegatingSmartContextLoader&apos;, parent = [null]]]
2016-11-18 01:57:09 DEBUG cache:290 - Spring test ApplicationContext cache statistics: [DefaultContextCache@5629f270 size = 1, maxSize = 32, parentContextCount = 0, hitCount = 3, missCount = 1]
2016-11-18 01:57:09 DEBUG InjectionMetadata:86 - Processing injected element of bean &apos;com.okhelps.seo.test.TestProjectServise&apos;: AutowiredFieldElement for com.okhelps.seo.services.ProjectService com.okhelps.seo.test.TestProjectServise.projectService
2016-11-18 01:57:09 DEBUG DefaultListableBeanFactory:251 - Returning cached instance of singleton bean &apos;projectService&apos;
2016-11-18 01:57:09 DEBUG AbstractDirtiesContextTestExecutionListener:106 - Before test method: context [DefaultTestContext@20197522 testClass = TestProjectServise, testInstance = com.okhelps.seo.test.TestProjectServise@785f0774, testMethod = getCategories@TestProjectServise, testException = [null], mergedContextConfiguration = [MergedContextConfiguration@67591ba4 testClass = TestProjectServise, locations = &apos;{}&apos;, classes = &apos;{class com.okhelps.seo.configuration.SpringConfig, class com.okhelps.seo.configuration.SpringMongoConfig}&apos;, contextInitializerClasses = &apos;[]&apos;, activeProfiles = &apos;{}&apos;, propertySourceLocations = &apos;{}&apos;, propertySourceProperties = &apos;{}&apos;, contextCustomizers = set[[empty]], contextLoader = &apos;org.springframework.test.context.support.DelegatingSmartContextLoader&apos;, parent = [null]]], class annotated with @DirtiesContext [false] with mode [null], method annotated with @DirtiesContext [false] with mode [null].
2016-11-18 01:57:09 DEBUG AbstractDirtiesContextTestExecutionListener:106 - After test method: context [DefaultTestContext@20197522 testClass = TestProjectServise, testInstance = com.okhelps.seo.test.TestProjectServise@785f0774, testMethod = getCategories@TestProjectServise, testException = java.lang.NullPointerException, mergedContextConfiguration = [MergedContextConfiguration@67591ba4 testClass = TestProjectServise, locations = &apos;{}&apos;, classes = &apos;{class com.okhelps.seo.configuration.SpringConfig, class com.okhelps.seo.configuration.SpringMongoConfig}&apos;, contextInitializerClasses = &apos;[]&apos;, activeProfiles = &apos;{}&apos;, propertySourceLocations = &apos;{}&apos;, propertySourceProperties = &apos;{}&apos;, contextCustomizers = set[[empty]], contextLoader = &apos;org.springframework.test.context.support.DelegatingSmartContextLoader&apos;, parent = [null]]], class annotated with @DirtiesContext [false] with mode [null], method annotated with @DirtiesContext [false] with mode [null].
</system-out>
  </testcase>
  <testcase time="0.354" classname="com.okhelps.seo.test.TestProjectServise" name="getProjects"/>
</testsuite>